

ФАТАЛЬНАЯ ОШИБКА:  Unhandled Access Violation Reading 0x0008 Exception at 3eb64201h

02/11/2016 at 22:42:53.758  Чертеж: Чертеж1.dwg
-------------


ФАТАЛЬНАЯ ОШИБКА:  Unhandled e0434352h Exception at 71f98a5ch

02/12/2016 at 00:30:02.073  Чертеж: C:\Users\Алексей Дудченко\Documents\Doc.dwg
-------------


ФАТАЛЬНАЯ ОШИБКА:  Unhandled Access Violation Reading 0x0000 Exception at 60e8440h

02/12/2016 at 01:28:15.674  Чертеж: C:\Users\Алексей Дудченко\Documents\Doc.dwg
-------------


ФАТАЛЬНАЯ ОШИБКА:  Unhandled Access Violation Reading 0x0000 Exception at 60a8440h

02/12/2016 at 01:35:30.680  Чертеж: C:\Users\Алексей Дудченко\Documents\Doc.dwg
-------------


ФАТАЛЬНАЯ ОШИБКА:  Unhandled e0434352h Exception at 71f98a5ch

02/12/2016 at 01:36:52.970  Чертеж: C:\Users\Алексей Дудченко\Documents\Doc.dwg
-------------


ФАТАЛЬНАЯ ОШИБКА:  Unhandled e0434352h Exception at 71f98a5ch

02/12/2016 at 01:40:21.805  Чертеж: C:\Users\Алексей Дудченко\Documents\Doc.dwg
-------------


ФАТАЛЬНАЯ ОШИБКА:  Unhandled Access Violation Reading 0x0000 Exception at 60d8440h

02/12/2016 at 01:41:40.634  Чертеж: C:\Users\Алексей Дудченко\Documents\Doc.dwg
-------------


ФАТАЛЬНАЯ ОШИБКА:  Unhandled e0434352h Exception at 71f98a5ch

02/12/2016 at 01:53:10.287  Чертеж: C:\Users\Алексей Дудченко\Documents\Doc.dwg
-------------


ФАТАЛЬНАЯ ОШИБКА:  Unhandled e0434352h Exception at 71f98a5ch

02/12/2016 at 02:18:30.317  Чертеж: C:\Users\Алексей Дудченко\Documents\Doc.dwg
-------------


ФАТАЛЬНАЯ ОШИБКА:  Unhandled e0434352h Exception at 71f98a5ch

02/12/2016 at 12:48:07.023  Чертеж: C:\Users\Алексей Дудченко\Documents\Doc.dwg
-------------


ФАТАЛЬНАЯ ОШИБКА:  Unhandled e0434352h Exception at 71f98a5ch

02/12/2016 at 12:49:37.113  Чертеж: C:\Users\Алексей Дудченко\Documents\Doc.dwg
-------------


ФАТАЛЬНАЯ ОШИБКА:  Unhandled e0434352h Exception at 71f98a5ch

02/12/2016 at 12:51:51.956  Чертеж: C:\Users\Алексей Дудченко\Documents\Doc.dwg
-------------


ФАТАЛЬНАЯ ОШИБКА:  Unhandled e0434352h Exception at 71f98a5ch

02/12/2016 at 22:10:05.090  Чертеж: C:\Users\Алексей Дудченко\Documents\Doc.dwg
-------------


ФАТАЛЬНАЯ ОШИБКА:  Unhandled e0434352h Exception at 71f98a5ch

02/13/2016 at 03:33:18.941  Чертеж: C:\Users\Алексей Дудченко\Documents\Doc.dwg
-------------


ФАТАЛЬНАЯ ОШИБКА:  Unhandled e0434352h Exception at 71f98a5ch

02/13/2016 at 13:11:55.720  Чертеж: C:\Users\Алексей Дудченко\Documents\Doc.dwg
-------------


ФАТАЛЬНАЯ ОШИБКА:  Unhandled e0434352h Exception at 71f98a5ch

02/13/2016 at 13:26:13.439  Чертеж: C:\Users\Алексей Дудченко\Documents\Doc.dwg
-------------


ФАТАЛЬНАЯ ОШИБКА:  Unhandled e0434352h Exception at 71f98a5ch

02/13/2016 at 13:27:14.596  Чертеж: C:\Users\Алексей Дудченко\Documents\Doc.dwg
-------------


ФАТАЛЬНАЯ ОШИБКА:  Unhandled e0434352h Exception at 71f98a5ch

02/13/2016 at 13:29:31.307  Чертеж: C:\Users\Алексей Дудченко\Documents\Doc.dwg
-------------


ФАТАЛЬНАЯ ОШИБКА:  Unhandled e0434352h Exception at 71f98a5ch

02/13/2016 at 13:30:28.245  Чертеж: C:\Users\Алексей Дудченко\Documents\Doc.dwg
-------------


ФАТАЛЬНАЯ ОШИБКА:  Unhandled e0434352h Exception at 71f98a5ch

02/13/2016 at 13:38:15.698  Чертеж: C:\Users\Алексей Дудченко\Documents\Doc.dwg
-------------


ФАТАЛЬНАЯ ОШИБКА:  Unhandled e0434352h Exception at 71f98a5ch

02/13/2016 at 13:39:54.886  Чертеж: C:\Users\Алексей Дудченко\Documents\Doc.dwg
-------------


ФАТАЛЬНАЯ ОШИБКА:  Unhandled e0434352h Exception at 71f98a5ch

02/13/2016 at 13:41:55.105  Чертеж: C:\Users\Алексей Дудченко\Documents\Doc.dwg
-------------


ФАТАЛЬНАЯ ОШИБКА:  Unhandled e0434352h Exception at 71f98a5ch

02/13/2016 at 13:43:21.558  Чертеж: C:\Users\Алексей Дудченко\Documents\Doc.dwg
-------------


ФАТАЛЬНАЯ ОШИБКА:  Unhandled e0434352h Exception at 71f98a5ch

02/13/2016 at 13:45:33.940  Чертеж: Чертеж1.dwg
-------------


ФАТАЛЬНАЯ ОШИБКА:  Unhandled e0434352h Exception at 71f98a5ch

02/13/2016 at 13:53:09.174  Чертеж: C:\Users\Алексей Дудченко\Documents\Doc.dwg
-------------


ФАТАЛЬНАЯ ОШИБКА:  Unhandled e0434352h Exception at 71f98a5ch

02/13/2016 at 13:57:42.275  Чертеж: C:\Users\Алексей Дудченко\Documents\Doc.dwg
-------------


ФАТАЛЬНАЯ ОШИБКА:  Unhandled e0434352h Exception at 71f98a5ch

02/13/2016 at 13:59:52.538  Чертеж: C:\Users\Алексей Дудченко\Documents\Doc.dwg
-------------


ФАТАЛЬНАЯ ОШИБКА:  Unhandled e0434352h Exception at 71f98a5ch

02/13/2016 at 14:19:46.162  Чертеж: C:\Users\Алексей Дудченко\Documents\Doc.dwg
-------------


ФАТАЛЬНАЯ ОШИБКА:  Unhandled e0434352h Exception at 71f98a5ch

02/13/2016 at 14:22:46.012  Чертеж: C:\Users\Алексей Дудченко\Documents\Doc.dwg
-------------


ФАТАЛЬНАЯ ОШИБКА:  Unhandled e0434352h Exception at 71f98a5ch

02/13/2016 at 14:24:51.210  Чертеж: C:\Users\Алексей Дудченко\Documents\Doc.dwg
-------------


ФАТАЛЬНАЯ ОШИБКА:  Unhandled e0434352h Exception at 71f98a5ch

02/13/2016 at 14:27:09.738  Чертеж: C:\Users\Алексей Дудченко\Documents\Doc.dwg
-------------


ФАТАЛЬНАЯ ОШИБКА:  Unhandled e0434352h Exception at 71f98a5ch

02/13/2016 at 14:31:06.545  Чертеж: C:\Users\Алексей Дудченко\Documents\Doc.dwg
-------------


ФАТАЛЬНАЯ ОШИБКА:  Unhandled e0434352h Exception at 71f98a5ch

02/13/2016 at 14:33:48.635  Чертеж: C:\Users\Алексей Дудченко\Documents\Doc.dwg
-------------


ФАТАЛЬНАЯ ОШИБКА:  Unhandled e0434352h Exception at 71f98a5ch

02/13/2016 at 20:24:19.589  Чертеж: C:\Users\Алексей Дудченко\Documents\Doc.dwg
-------------


ФАТАЛЬНАЯ ОШИБКА:  Unhandled e0434352h Exception at 71f98a5ch

02/13/2016 at 20:38:06.429  Чертеж: C:\Users\Алексей Дудченко\Documents\Doc.dwg
-------------


ФАТАЛЬНАЯ ОШИБКА:  Unhandled e0434352h Exception at 71f98a5ch

02/13/2016 at 21:03:17.402  Чертеж: C:\Users\Алексей Дудченко\Documents\Doc.dwg
-------------


ФАТАЛЬНАЯ ОШИБКА:  Unhandled e0434352h Exception at 71f98a5ch

02/13/2016 at 21:05:32.868  Чертеж: Чертеж1.dwg
-------------


ФАТАЛЬНАЯ ОШИБКА:  Unhandled e0434352h Exception at 71f98a5ch

02/13/2016 at 21:10:25.539  Чертеж: C:\Users\Алексей Дудченко\Documents\Doc.dwg
-------------


ФАТАЛЬНАЯ ОШИБКА:  Unhandled e0434352h Exception at 71f98a5ch

02/13/2016 at 21:15:57.935  Чертеж: C:\Users\Алексей Дудченко\Documents\Doc.dwg
-------------


ФАТАЛЬНАЯ ОШИБКА:  Unhandled e0434352h Exception at 71f98a5ch

02/13/2016 at 21:17:22.709  Чертеж: C:\Users\Алексей Дудченко\Documents\Doc.dwg
-------------


ФАТАЛЬНАЯ ОШИБКА:  Unhandled e0434352h Exception at 71f98a5ch

02/13/2016 at 21:22:02.622  Чертеж: C:\Users\Алексей Дудченко\Documents\Doc.dwg
-------------


ФАТАЛЬНАЯ ОШИБКА:  Unhandled e0434352h Exception at 71f98a5ch

02/13/2016 at 21:32:01.013  Чертеж: C:\Users\Алексей Дудченко\Documents\Doc.dwg
-------------


ФАТАЛЬНАЯ ОШИБКА:  Unhandled e0434352h Exception at 71f98a5ch

02/13/2016 at 21:40:48.278  Чертеж: C:\Users\Алексей Дудченко\Documents\Doc.dwg
-------------


ФАТАЛЬНАЯ ОШИБКА:  Unhandled e0434352h Exception at 71f98a5ch

02/14/2016 at 00:29:44.851  Чертеж: C:\Users\Алексей Дудченко\Documents\Doc.dwg
-------------


ФАТАЛЬНАЯ ОШИБКА:  Unhandled Access Violation Reading 0x0000 Exception at 662d353h

02/14/2016 at 00:44:47.108  Чертеж: C:\Users\Алексей Дудченко\Documents\Doc.dwg
-------------


ФАТАЛЬНАЯ ОШИБКА:  Unhandled Access Violation Reading 0x0000 Exception at 6648f93h

02/14/2016 at 00:48:36.513  Чертеж: C:\Users\Алексей Дудченко\Documents\Doc.dwg
-------------


ФАТАЛЬНАЯ ОШИБКА:  Unhandled Access Violation Reading 0x0000 Exception at 662b8b1h

02/14/2016 at 00:58:02.776  Чертеж: C:\Users\Алексей Дудченко\Documents\Doc.dwg
-------------


ФАТАЛЬНАЯ ОШИБКА:  Unhandled e0434352h Exception at 71f98a5ch

02/14/2016 at 01:43:48.058  Чертеж: C:\Users\Алексей Дудченко\Documents\Doc.dwg
-------------


ФАТАЛЬНАЯ ОШИБКА:  Unhandled e0434352h Exception at 71f98a5ch

02/14/2016 at 01:46:48.189  Чертеж: C:\Users\Алексей Дудченко\Documents\Doc.dwg
-------------


ФАТАЛЬНАЯ ОШИБКА:  Unhandled e0434352h Exception at 71f98a5ch

02/14/2016 at 12:40:12.636  Чертеж: C:\Users\Алексей Дудченко\Documents\Doc.dwg
-------------


ФАТАЛЬНАЯ ОШИБКА:  Unhandled e0434352h Exception at 71f98a5ch

02/14/2016 at 12:46:41.357  Чертеж: C:\Users\Алексей Дудченко\Documents\Doc.dwg
-------------


ФАТАЛЬНАЯ ОШИБКА:  Unhandled e0434352h Exception at 71f98a5ch

02/14/2016 at 12:47:45.670  Чертеж: C:\Users\Алексей Дудченко\Documents\Doc.dwg
-------------


ФАТАЛЬНАЯ ОШИБКА:  Unhandled e0434352h Exception at 71f98a5ch

02/14/2016 at 13:05:17.776  Чертеж: C:\Users\Алексей Дудченко\Documents\Doc.dwg
-------------


ФАТАЛЬНАЯ ОШИБКА:  Unhandled e0434352h Exception at 71f98a5ch

02/14/2016 at 13:07:16.099  Чертеж: C:\Users\Алексей Дудченко\Documents\Doc.dwg
-------------


ФАТАЛЬНАЯ ОШИБКА:  Unhandled e0434352h Exception at 71f98a5ch

02/14/2016 at 13:10:32.639  Чертеж: C:\Users\Алексей Дудченко\Documents\Doc.dwg
-------------


ФАТАЛЬНАЯ ОШИБКА:  Unhandled e0434352h Exception at 71f98a5ch

02/14/2016 at 13:19:52.702  Чертеж: C:\Users\Алексей Дудченко\Documents\Doc.dwg
-------------


ФАТАЛЬНАЯ ОШИБКА:  Unhandled e0434352h Exception at 71f98a5ch

02/14/2016 at 13:40:24.920  Чертеж: C:\Users\Алексей Дудченко\Documents\Doc.dwg
-------------


ФАТАЛЬНАЯ ОШИБКА:  Unhandled e0434352h Exception at 71f98a5ch

02/14/2016 at 13:42:08.727  Чертеж: C:\Users\Алексей Дудченко\Documents\Doc.dwg
-------------


ФАТАЛЬНАЯ ОШИБКА:  Unhandled e0434352h Exception at 71f98a5ch

02/14/2016 at 13:45:18.970  Чертеж: C:\Users\Алексей Дудченко\Documents\Doc.dwg
-------------


ФАТАЛЬНАЯ ОШИБКА:  Unhandled e0434352h Exception at 71f98a5ch

02/14/2016 at 19:46:41.673  Чертеж: Чертеж1.dwg
-------------


ФАТАЛЬНАЯ ОШИБКА:  Unhandled e0434352h Exception at 71f98a5ch

02/15/2016 at 00:20:26.344  Чертеж: C:\Users\Алексей Дудченко\Documents\Doc.dwg
-------------


ФАТАЛЬНАЯ ОШИБКА:  Unhandled e0434352h Exception at 71f98a5ch

02/15/2016 at 00:26:31.178  Чертеж: C:\Users\Алексей Дудченко\Documents\Doc.dwg
-------------


ФАТАЛЬНАЯ ОШИБКА:  Unhandled e0434352h Exception at 71f98a5ch

02/15/2016 at 00:28:41.280  Чертеж: C:\Users\Алексей Дудченко\Documents\Doc.dwg
-------------


ФАТАЛЬНАЯ ОШИБКА:  Unhandled e0434352h Exception at 71f98a5ch

02/15/2016 at 00:29:54.841  Чертеж: C:\Users\Алексей Дудченко\Documents\Doc.dwg
-------------


ФАТАЛЬНАЯ ОШИБКА:  Unhandled e0434352h Exception at 71f98a5ch

02/15/2016 at 00:42:30.307  Чертеж: C:\Users\Алексей Дудченко\Documents\Doc.dwg
-------------


ФАТАЛЬНАЯ ОШИБКА:  Unhandled e0434352h Exception at 71f98a5ch

02/15/2016 at 00:45:36.335  Чертеж: C:\Users\Алексей Дудченко\Documents\Doc.dwg
-------------


ФАТАЛЬНАЯ ОШИБКА:  Unhandled Access Violation Reading 0x0000 Exception at a25d6ca0h

02/25/2016 at 14:01:28.620  Чертеж: C:\Users\Алексей Дудченко\Documents\Doc.dwg
-------------


ФАТАЛЬНАЯ ОШИБКА:  Unhandled e0434352h Exception at 594d8a5ch

02/27/2016 at 01:38:37.258  Чертеж: C:\Users\Алексей Дудченко\Documents\Doc.dwg
-------------


ФАТАЛЬНАЯ ОШИБКА:  Unhandled Access Violation Reading 0x0000 Exception at ee265f28h

02/27/2016 at 14:26:35.882  Чертеж: C:\Users\Алексей Дудченко\Documents\Doc.dwg
-------------


ФАТАЛЬНАЯ ОШИБКА:  Unhandled Access Violation Reading 0x0000 Exception at ee2a8c28h

02/27/2016 at 14:30:18.341  Чертеж: C:\Users\Алексей Дудченко\Documents\Doc.dwg
-------------


ФАТАЛЬНАЯ ОШИБКА:  Unhandled Access Violation Reading 0x0000 Exception at ee296758h

02/27/2016 at 14:33:14.087  Чертеж: C:\Users\Алексей Дудченко\Documents\Doc.dwg
-------------


ФАТАЛЬНАЯ ОШИБКА:  Unhandled Access Violation Reading 0x0000 Exception at ee275c58h

02/27/2016 at 14:34:14.815  Чертеж: C:\Users\Алексей Дудченко\Documents\Doc.dwg
-------------


ФАТАЛЬНАЯ ОШИБКА:  Unhandled Access Violation Reading 0x0000 Exception at ee276318h

02/27/2016 at 14:40:02.669  Чертеж: C:\Users\Алексей Дудченко\Documents\Doc.dwg
-------------


ФАТАЛЬНАЯ ОШИБКА:  Unhandled Access Violation Reading 0x0000 Exception at ee275f68h

02/27/2016 at 14:41:23.176  Чертеж: C:\Users\Алексей Дудченко\Documents\Doc.dwg
-------------


ФАТАЛЬНАЯ ОШИБКА:  Unhandled Access Violation Reading 0x0000 Exception at ee27b1e0h

02/27/2016 at 16:36:07.594  Чертеж: C:\Users\Алексей Дудченко\Documents\Doc.dwg
-------------


ФАТАЛЬНАЯ ОШИБКА:  Unhandled Access Violation Reading 0x0000 Exception at ee28199eh

02/27/2016 at 17:08:42.498  Чертеж: C:\Users\Алексей Дудченко\Documents\Doc.dwg
-------------


ФАТАЛЬНАЯ ОШИБКА:  Unhandled Access Violation Reading 0x0000 Exception at ee290872h

02/27/2016 at 17:10:50.380  Чертеж: C:\Users\Алексей Дудченко\Documents\Doc.dwg
-------------


ФАТАЛЬНАЯ ОШИБКА:  Unhandled Access Violation Reading 0x0000 Exception at ee2a3619h

02/27/2016 at 17:45:52.432  Чертеж: C:\Users\Алексей Дудченко\Documents\Doc.dwg
-------------


ФАТАЛЬНАЯ ОШИБКА:  Unhandled Access Violation Reading 0x0000 Exception at ee284559h

02/27/2016 at 18:00:52.703  Чертеж: C:\Users\Алексей Дудченко\Documents\Doc.dwg
-------------


ФАТАЛЬНАЯ ОШИБКА:  Unhandled Access Violation Reading 0x0000 Exception at ee285ca8h

02/27/2016 at 18:02:28.444  Чертеж: C:\Users\Алексей Дудченко\Documents\Doc.dwg
-------------


ФАТАЛЬНАЯ ОШИБКА:  Unhandled e0434352h Exception at 594d8a5ch

02/28/2016 at 00:56:06.953  Чертеж: C:\Users\Алексей Дудченко\Documents\Doc.dwg
-------------


ФАТАЛЬНАЯ ОШИБКА:  Unhandled Access Violation Reading 0x0000 Exception at edcf8540h

02/28/2016 at 17:15:25.738  Чертеж: C:\Users\Алексей Дудченко\Documents\Doc.dwg
-------------


ФАТАЛЬНАЯ ОШИБКА:  Unhandled Access Violation Reading 0x0000 Exception at edce85f0h

02/28/2016 at 17:22:53.386  Чертеж: C:\Users\Алексей Дудченко\Documents\Doc.dwg
-------------


ФАТАЛЬНАЯ ОШИБКА:  Unhandled Access Violation Reading 0x0000 Exception at edd185f0h

02/28/2016 at 23:16:55.123  Чертеж: C:\Users\Алексей Дудченко\Documents\Doc.dwg
-------------


ФАТАЛЬНАЯ ОШИБКА:  Unhandled Access Violation Reading 0x0000 Exception at edcf8540h

02/29/2016 at 00:27:03.895  Чертеж: C:\Users\Алексей Дудченко\Documents\Doc.dwg
-------------


ФАТАЛЬНАЯ ОШИБКА:  Unhandled Access Violation Reading 0x0000 Exception at edce8540h

02/29/2016 at 00:43:38.196  Чертеж: C:\Users\Алексей Дудченко\Documents\Doc.dwg
-------------


ФАТАЛЬНАЯ ОШИБКА:  Unhandled Access Violation Reading 0x0000 Exception at edd08440h

02/29/2016 at 00:47:39.764  Чертеж: C:\Users\Алексей Дудченко\Documents\Doc.dwg
-------------
